<?xml version="1.0" encoding="UTF-8"?>
<robot generator="Robot 5.0.1 (Python 3.9.5 on darwin)" generated="20220718 18:53:29.082" rpa="false" schemaversion="3">
<suite id="s1" name="handle Setup and Teardown method" source="/Users/tabish/Documents/Projects/robot-framework/Tests/NopCommerce/FunctionalTestSuite/handle_Setup_and_Teardown_method/handle_Setup_and_Teardown_method.robot">
<kw name="openBrw1" type="SETUP">
<kw name="Open Browser" library="SeleniumLibrary">
<arg>${login_url}</arg>
<arg>${browser}</arg>
<doc>Opens a new browser instance to the optional ``url``.</doc>
<msg timestamp="20220718 18:53:29.342" level="INFO">Opening browser 'chrome' to base url 'https://admin-demo.nopcommerce.com/login?ReturnUrl=%2Fadmin%2F'.</msg>
<status status="PASS" starttime="20220718 18:53:29.341" endtime="20220718 18:53:33.905"/>
</kw>
<kw name="Maximize Browser Window" library="SeleniumLibrary">
<doc>Maximizes current browser window.</doc>
<status status="PASS" starttime="20220718 18:53:33.905" endtime="20220718 18:53:34.061"/>
</kw>
<kw name="Title Should Be" library="SeleniumLibrary">
<arg>${homepagetitle}</arg>
<doc>Verifies that the current page title equals ``title``.</doc>
<msg timestamp="20220718 18:53:34.080" level="INFO">Page title is 'Your store. Login'.</msg>
<status status="PASS" starttime="20220718 18:53:34.061" endtime="20220718 18:53:34.081"/>
</kw>
<kw name="Log To Console" library="BuiltIn">
<arg>[Suit Setup] Successfully Run Once At The Beginning Of Script</arg>
<doc>Logs the given message to the console.</doc>
<status status="PASS" starttime="20220718 18:53:34.081" endtime="20220718 18:53:34.082"/>
</kw>
<status status="PASS" starttime="20220718 18:53:29.340" endtime="20220718 18:53:34.083"/>
</kw>
<test id="s1-t1" name="Testing Log To Console" line="14">
<kw name="Log To Console" library="BuiltIn">
<arg>[Here Test Case Script] Will Successfully Execute</arg>
<doc>Logs the given message to the console.</doc>
<status status="PASS" starttime="20220718 18:53:34.090" endtime="20220718 18:53:34.091"/>
</kw>
<kw name="Sleep" library="BuiltIn">
<arg>5</arg>
<doc>Pauses the test executed for the given time.</doc>
<msg timestamp="20220718 18:53:39.093" level="INFO">Slept 5 seconds</msg>
<status status="PASS" starttime="20220718 18:53:34.091" endtime="20220718 18:53:39.093"/>
</kw>
<status status="PASS" starttime="20220718 18:53:34.086" endtime="20220718 18:53:39.094"/>
</test>
<kw name="closse_all_browser_windows" type="TEARDOWN">
<kw name="Close All Browsers" library="SeleniumLibrary">
<doc>Closes all open browsers and resets the browser cache.</doc>
<status status="PASS" starttime="20220718 18:53:39.096" endtime="20220718 18:53:39.218"/>
</kw>
<kw name="Log To Console" library="BuiltIn">
<arg>[Teardown] Successfully Run Once At The End Of Script</arg>
<doc>Logs the given message to the console.</doc>
<status status="PASS" starttime="20220718 18:53:39.218" endtime="20220718 18:53:39.219"/>
</kw>
<status status="PASS" starttime="20220718 18:53:39.096" endtime="20220718 18:53:39.220"/>
</kw>
<status status="PASS" starttime="20220718 18:53:29.087" endtime="20220718 18:53:39.220"/>
</suite>
<statistics>
<total>
<stat pass="1" fail="0" skip="0">All Tests</stat>
</total>
<tag>
</tag>
<suite>
<stat pass="1" fail="0" skip="0" id="s1" name="handle Setup and Teardown method">handle Setup and Teardown method</stat>
</suite>
</statistics>
<errors>
</errors>
</robot>
